<?xml version="1.0" encoding="UTF-8"?>
<testng-results skipped="0" failed="0" ignored="0" total="2" passed="2">
  <reporter-output>
  </reporter-output>
  <suite name="Default suite" duration-ms="109" started-at="2018-05-26T19:39:48Z" finished-at="2018-05-26T19:39:48Z">
    <groups>
    </groups>
    <test name="Default test" duration-ms="109" started-at="2018-05-26T19:39:48Z" finished-at="2018-05-26T19:39:48Z">
      <class name="testpack.TC_001">
        <test-method status="PASS" signature="tc_002()[pri:0, instance:testpack.TC_001@50c87b21]" name="tc_002" duration-ms="25" started-at="2018-05-26T19:39:48Z" finished-at="2018-05-26T19:39:48Z">
          <reporter-output>
          </reporter-output>
        </test-method> <!-- tc_002 -->
        <test-method status="PASS" signature="tc_003()[pri:0, instance:testpack.TC_001@50c87b21]" name="tc_003" duration-ms="4" started-at="2018-05-26T19:39:48Z" finished-at="2018-05-26T19:39:48Z">
          <reporter-output>
          </reporter-output>
        </test-method> <!-- tc_003 -->
      </class> <!-- testpack.TC_001 -->
    </test> <!-- Default test -->
  </suite> <!-- Default suite -->
</testng-results>
